e:\c++\planetsimulation2d\planetsi.98302328\x64\release\vc143.pdb
e:\c++\planetsimulation2d\planetsi.98302328\x64\release\vbo.obj
e:\c++\planetsimulation2d\planetsi.98302328\x64\release\vao.obj
e:\c++\planetsimulation2d\planetsi.98302328\x64\release\shaderclass.obj
e:\c++\planetsimulation2d\planetsi.98302328\x64\release\main.obj
e:\c++\planetsimulation2d\planetsi.98302328\x64\release\image.obj
e:\c++\planetsimulation2d\planetsi.98302328\x64\release\ebo.obj
e:\c++\planetsimulation2d\planetsi.98302328\x64\release\glad.obj
e:\c++\planetsimulation2d\x64\release\planetsimulation2d.exe
e:\c++\planetsimulation2d\x64\release\planetsimulation2d.pdb
e:\c++\planetsimulation2d\planetsi.98302328\x64\release\planetsimulation2d.ipdb
e:\c++\planetsimulation2d\planetsi.98302328\x64\release\planetsimulation2d.iobj
e:\c++\planetsimulation2d\planetsi.98302328\x64\release\planetsi.98302328.tlog\cl.command.1.tlog
e:\c++\planetsimulation2d\planetsi.98302328\x64\release\planetsi.98302328.tlog\cl.items.tlog
e:\c++\planetsimulation2d\planetsi.98302328\x64\release\planetsi.98302328.tlog\cl.read.1.tlog
e:\c++\planetsimulation2d\planetsi.98302328\x64\release\planetsi.98302328.tlog\cl.write.1.tlog
e:\c++\planetsimulation2d\planetsi.98302328\x64\release\planetsi.98302328.tlog\link.command.1.tlog
e:\c++\planetsimulation2d\planetsi.98302328\x64\release\planetsi.98302328.tlog\link.read.1.tlog
e:\c++\planetsimulation2d\planetsi.98302328\x64\release\planetsi.98302328.tlog\link.secondary.1.tlog
e:\c++\planetsimulation2d\planetsi.98302328\x64\release\planetsi.98302328.tlog\link.write.1.tlog
