e:\c++\planetsimulation2d\planetsi.98302328\x64\debug\vc143.pdb
e:\c++\planetsimulation2d\planetsi.98302328\x64\debug\vc143.idb
e:\c++\planetsimulation2d\planetsi.98302328\x64\debug\vbo.obj
e:\c++\planetsimulation2d\planetsi.98302328\x64\debug\vao.obj
e:\c++\planetsimulation2d\planetsi.98302328\x64\debug\shaderclass.obj
e:\c++\planetsimulation2d\planetsi.98302328\x64\debug\image.obj
e:\c++\planetsimulation2d\planetsi.98302328\x64\debug\ebo.obj
e:\c++\planetsimulation2d\planetsi.98302328\x64\debug\glad.obj
e:\c++\planetsimulation2d\planetsi.98302328\x64\debug\main.obj
e:\c++\planetsimulation2d\x64\debug\planetsimulation2d.exe
e:\c++\planetsimulation2d\x64\debug\planetsimulation2d.pdb
e:\c++\planetsimulation2d\planetsi.98302328\x64\debug\planetsimulation2d.ilk
e:\c++\planetsimulation2d\planetsi.98302328\x64\debug\planetsi.98302328.tlog\cl.command.1.tlog
e:\c++\planetsimulation2d\planetsi.98302328\x64\debug\planetsi.98302328.tlog\cl.items.tlog
e:\c++\planetsimulation2d\planetsi.98302328\x64\debug\planetsi.98302328.tlog\cl.read.1.tlog
e:\c++\planetsimulation2d\planetsi.98302328\x64\debug\planetsi.98302328.tlog\cl.write.1.tlog
e:\c++\planetsimulation2d\planetsi.98302328\x64\debug\planetsi.98302328.tlog\link.command.1.tlog
e:\c++\planetsimulation2d\planetsi.98302328\x64\debug\planetsi.98302328.tlog\link.read.1.tlog
e:\c++\planetsimulation2d\planetsi.98302328\x64\debug\planetsi.98302328.tlog\link.secondary.1.tlog
e:\c++\planetsimulation2d\planetsi.98302328\x64\debug\planetsi.98302328.tlog\link.write.1.tlog
