e:\c++\planetsimulation2d\opengl\debug\vc143.pdb
e:\c++\planetsimulation2d\opengl\debug\vc143.idb
e:\c++\planetsimulation2d\opengl\debug\vbo.obj
e:\c++\planetsimulation2d\opengl\debug\vao.obj
e:\c++\planetsimulation2d\opengl\debug\shaderclass.obj
e:\c++\planetsimulation2d\opengl\debug\image.obj
e:\c++\planetsimulation2d\opengl\debug\ebo.obj
e:\c++\planetsimulation2d\opengl\debug\glad.obj
e:\c++\planetsimulation2d\opengl\debug\main.obj
e:\c++\planetsimulation2d\debug\opengl.pdb
e:\c++\planetsimulation2d\opengl\debug\opengl.tlog\cl.command.1.tlog
e:\c++\planetsimulation2d\opengl\debug\opengl.tlog\cl.read.1.tlog
e:\c++\planetsimulation2d\opengl\debug\opengl.tlog\cl.write.1.tlog
e:\c++\planetsimulation2d\opengl\debug\opengl.tlog\link-cvtres.read.1.tlog
e:\c++\planetsimulation2d\opengl\debug\opengl.tlog\link-cvtres.write.1.tlog
e:\c++\planetsimulation2d\opengl\debug\opengl.tlog\link-rc.read.1.tlog
e:\c++\planetsimulation2d\opengl\debug\opengl.tlog\link-rc.write.1.tlog
e:\c++\planetsimulation2d\opengl\debug\opengl.tlog\link.command.1.tlog
e:\c++\planetsimulation2d\opengl\debug\opengl.tlog\link.read.1.tlog
e:\c++\planetsimulation2d\opengl\debug\opengl.tlog\link.write.1.tlog
